gfortran -c -O2 -g -fopenmp -std=gnu -m64 -mcmodel=medium nlspmc.f
gfortran -c -O2 -g -fopenmp -std=gnu -m64 -mcmodel=medium cmds.f
cmds.f:297.7:

     # ''' is not a variable parm ***')                                 
       1
Warning: Extension: Tab character in format at (1)
gfortran -c -O2 -g -fopenmp -std=gnu -m64 -mcmodel=medium datac.f
gfortran -c -O2 -g -fopenmp -std=gnu -m64 -mcmodel=medium vchange.f
gfortran -c -O2 -g -fopenmp -std=gnu -m64 -mcmodel=medium letcmc.f
letcmc.f:250.10:

     #    a,' ***')                                                     
          1
Warning: Extension: Tab character in format at (1)
gfortran -c -O2 -g -fopenmp -std=gnu -m64 -mcmodel=medium addprm.f
gfortran -c -O2 -g -fopenmp -std=gnu -m64 -mcmodel=medium rmvprm.f
gfortran -c -O2 -g -fopenmp -std=gnu -m64 -mcmodel=medium srchc.f
gfortran -c -O2 -g -fopenmp -std=gnu -m64 -mcmodel=medium tensym.f
gfortran -c -O2 -g -fopenmp -std=gnu -m64 -mcmodel=medium convtc.f
convtc.f:214.8:

     #  f9.6)                                                           
        1
Warning: Extension: Tab character in format at (1)
convtc.f:216.8:

     #  2(f9.6,','),f9.6)                                               
        1
Warning: Extension: Tab character in format at (1)
gfortran -c -O2 -g -fopenmp -std=gnu -m64 -mcmodel=medium strutl.f
gfortran -c -O2 -g -fopenmp -std=gnu -m64 -mcmodel=medium lprmpt.f
gfortran -c -O2 -g -fopenmp -std=gnu -m64 -mcmodel=medium helpc.f
gfortran -c -O2 -g -fopenmp -std=gnu -m64 -mcmodel=medium ipfind.f
gfortran -c -O2 -g -fopenmp -std=gnu -m64 -mcmodel=medium setnm.f
gfortran -c -O2 -g -fopenmp -std=gnu -m64 -mcmodel=medium getdat.f
getdat.f:317.72:

     #    pause 'SPLNAY: Bad interpolated X range.'                     
                                                                        1
Warning: Deleted feature: PAUSE statement at (1)
getdat.f:329.72:

        if (h .eq. 0.0D0) pause 'SPLNAY: Bad XA input.'                 
                                                                        1
Warning: Deleted feature: PAUSE statement at (1)
gfortran -c -O2 -g -fopenmp -std=gnu -m64 -mcmodel=medium wrfit.f
gfortran -c -O2 -g -fopenmp -std=gnu -m64 -mcmodel=medium fitp.f
gfortran -c -O2 -g -fopenmp -std=gnu -m64 -mcmodel=medium pfunnew.f
gfortran -c -O2 -g -fopenmp -std=gnu -m64 -mcmodel=medium pcheck.f
gfortran -c -O2 -g -fopenmp -std=gnu -m64 -mcmodel=medium xshft.f
gfortran -c -O2 -g -fopenmp -std=gnu -m64 -mcmodel=medium sscale.f
gfortran -c -O2 -g -fopenmp -std=gnu -m64 -mcmodel=medium mnbrak.f
gfortran -c -O2 -g -fopenmp -std=gnu -m64 -mcmodel=medium brent.f
brent.f:125.72:

      pause 'Brent exceed maximum iterations.'                          
                                                                        1
Warning: Deleted feature: PAUSE statement at (1)
gfortran -c -O2 -g -fopenmp -std=gnu -m64 -mcmodel=medium p1pfun.f
gfortran -c -O2 -g -fopenmp -std=gnu -m64 -mcmodel=medium sim2d.f
gfortran -c -O2 -g -fopenmp -std=gnu -m64 -mcmodel=medium evcgf.f
gfortran -c -O2 -g -fopenmp -std=gnu -m64 -mcmodel=medium cd2km.f
gfortran -c -O2 -g -fopenmp -std=gnu -m64 -mcmodel=medium anxlk.f
gfortran -c -O2 -g -fopenmp -std=gnu -m64 -mcmodel=medium w3j.f
gfortran -c -O2 -g -fopenmp -std=gnu -m64 -mcmodel=medium ipar.f
gfortran -c -O2 -g -fopenmp -std=gnu -m64 -mcmodel=medium fbasis.f
gfortran -c -O2 -g -fopenmp -std=gnu -m64 -mcmodel=medium matrxo.f
gfortran -c -O2 -g -fopenmp -std=gnu -m64 -mcmodel=medium matrxd.f
gfortran -c -O2 -g -fopenmp -std=gnu -m64 -mcmodel=medium stveco.f
gfortran -c -O2 -g -fopenmp -std=gnu -m64 -mcmodel=medium stvecd.f
gfortran -c -O2 -g -fopenmp -std=gnu -m64 -mcmodel=medium ccrints.f
gfortran -c -O2 -g -fopenmp -std=gnu -m64 -mcmodel=medium fz.f
gfortran -c -O2 -g -fopenmp -std=gnu -m64 -mcmodel=medium bessel.f
gfortran -c -O2 -g -fopenmp -std=gnu -m64 -mcmodel=medium plgndr.f
gfortran -c -O2 -g -fopenmp -std=gnu -m64 -mcmodel=medium spcalc.f
gfortran -c -O2 -g -fopenmp -std=gnu -m64 -mcmodel=medium convft.f
gfortran -c -O2 -g -fopenmp -std=gnu -m64 -mcmodel=medium fft.f
gfortran -c -O2 -g -fopenmp -std=gnu -m64 -mcmodel=medium switch.f
gfortran -c -O2 -g -fopenmp -std=gnu -m64 -mcmodel=medium zgemm.f
gfortran -c -O2 -g -fopenmp -std=gnu -m64 -mcmodel=medium zgemv.f
gfortran -c -O2 -g -fopenmp -std=gnu -m64 -mcmodel=medium lsame.f
gfortran -c -O2 -g -fopenmp -std=gnu -m64 -mcmodel=medium xerbla.f
gfortran -c -O2 -g -fopenmp -std=gnu -m64 -mcmodel=medium csval.f
gfortran -c -O2 -g -fopenmp -std=gnu -m64 -mcmodel=medium compev.f
gfortran -c -O2 -g -fopenmp -std=gnu -m64 -mcmodel=medium lump.f
gfortran -c -O2 -g -fopenmp -std=gnu -m64 -mcmodel=medium comgap.f
gfortran -c -O2 -g -fopenmp -std=gnu -m64 -mcmodel=medium isoev.f
gfortran -c -O2 -g -fopenmp -std=gnu -m64 -mcmodel=medium inverr.f
gfortran -c -O2 -g -fopenmp -std=gnu -m64 -mcmodel=medium cmtqli.f
gfortran -c -O2 -g -fopenmp -std=gnu -m64 -mcmodel=medium csvec.f
gfortran -c -O2 -g -fopenmp -std=gnu -m64 -mcmodel=medium cscg.f
gfortran -c -O2 -g -fopenmp -std=gnu -m64 -mcmodel=medium zaypx.f
gfortran -c -O2 -g -fopenmp -std=gnu -m64 -mcmodel=medium zdotu2.f
gfortran -c -O2 -g -fopenmp -std=gnu -m64 -mcmodel=medium zaxpy2.f
gfortran -c -O2 -g -fopenmp -std=gnu -m64 -mcmodel=medium scmvm.f
gfortran -c -O2 -g -fopenmp -std=gnu -m64 -mcmodel=medium znormu.f
gfortran -c -O2 -g -fopenmp -std=gnu -m64 -mcmodel=medium lmnls.f
gfortran -c -O2 -g -fopenmp -std=gnu -m64 -mcmodel=medium enorm.f
gfortran -c -O2 -g -fopenmp -std=gnu -m64 -mcmodel=medium dpmpar.f
gfortran -c -O2 -g -fopenmp -std=gnu -m64 -mcmodel=medium qrfac.f
gfortran -c -O2 -g -fopenmp -std=gnu -m64 -mcmodel=medium lmpar.f
gfortran -c -O2 -g -fopenmp -std=gnu -m64 -mcmodel=medium qrsolv.f
gfortran -c -O2 -g -fopenmp -std=gnu -m64 -mcmodel=medium covar.f
gfortran -c -O2 -g -fopenmp -std=gnu -m64 -mcmodel=medium mapxxx.f
gfortran -c -O2 -g -fopenmp -std=gnu -m64 -mcmodel=medium nlsinit.f
gfortran -c -O2 -g -fopenmp -std=gnu -m64 -mcmodel=medium ordrpr.f
gfortran -c -O2 -g -fopenmp -std=gnu -m64 -mcmodel=medium spectra.f
gfortran -c -O2 -g -fopenmp -std=gnu -m64 -mcmodel=medium comps.f
gfortran -c -O2 -g -fopenmp -std=gnu -m64 -mcmodel=medium ftest.f
gfortran -fopenmp  spectra.o comps.o vchange.o ftest.o -o nlspmc nlspmc.o cmds.o datac.o letcmc.o addprm.o rmvprm.o srchc.o tensym.o convtc.o strutl.o lprmpt.o helpc.o ipfind.o setnm.o getdat.o wrfit.o fitp.o pfunnew.o pcheck.o xshft.o sscale.o mnbrak.o brent.o p1pfun.o sim2d.o evcgf.o cd2km.o anxlk.o w3j.o ipar.o fbasis.o matrxo.o matrxd.o stveco.o stvecd.o ccrints.o fz.o bessel.o plgndr.o spcalc.o convft.o fft.o switch.o zgemm.o zgemv.o lsame.o xerbla.o csval.o compev.o lump.o comgap.o isoev.o inverr.o cmtqli.o csvec.o cscg.o zaypx.o zdotu2.o zaxpy2.o scmvm.o znormu.o lmnls.o enorm.o dpmpar.o qrfac.o lmpar.o qrsolv.o covar.o mapxxx.o nlsinit.o ordrpr.o -L /usr/X11/lib64 -lX11 -L/usr/X11R6/lib64   -lc
